File name	Line	Function	Duration[ms]	Explored nodes
C:\Corsi_informatica\Sicurezza_Informatica\Secure Coding\VulnerableWebApp\WebAppDemo\Ajax.aspx.cs	45	_WebAppDemo.Ajax.Page_Load$object.System.EventArgs$	0	2
C:\Corsi_informatica\Sicurezza_Informatica\Secure Coding\VulnerableWebApp\WebAppDemo\Ajax.aspx.cs	51	_WebAppDemo.Ajax.Button1_Click$object.System.EventArgs$	0	3
C:\Corsi_informatica\Sicurezza_Informatica\Secure Coding\VulnerableWebApp\WebAppDemo\Ajax.aspx.cs	57	_WebAppDemo.Ajax.Button2_Click$object.System.EventArgs$	0	3
C:\Corsi_informatica\Sicurezza_Informatica\Secure Coding\VulnerableWebApp\WebAppDemo\lib\Cryptograpy.cs	59	_WebAppDemo.lib.Cryptograpy.compute_hash$string$	0	2
C:\Corsi_informatica\Sicurezza_Informatica\Secure Coding\VulnerableWebApp\WebAppDemo\lib\Cryptograpy.cs	76	_WebAppDemo.lib.Cryptograpy.compute_hash_sha2$string$	0	2
C:\Corsi_informatica\Sicurezza_Informatica\Secure Coding\VulnerableWebApp\WebAppDemo\Default.aspx.cs	45	_WebAppDemo.Default1.Page_Load$object.System.EventArgs$	0	2
C:\Corsi_informatica\Sicurezza_Informatica\Secure Coding\VulnerableWebApp\WebAppDemo\FileInjection.aspx.cs	48	_WebAppDemo.FileInjection.Page_Load$object.System.EventArgs$	0	3
C:\Corsi_informatica\Sicurezza_Informatica\Secure Coding\VulnerableWebApp\WebAppDemo\FileInjection.aspx.cs	55	_WebAppDemo.FileInjection.Button1_Click$object.System.EventArgs$	0	3
C:\Corsi_informatica\Sicurezza_Informatica\Secure Coding\VulnerableWebApp\WebAppDemo\Global.asax.cs	45	_WebAppDemo.Global.Application_Start$object.System.EventArgs$	0	2
C:\Corsi_informatica\Sicurezza_Informatica\Secure Coding\VulnerableWebApp\WebAppDemo\Global.asax.cs	49	_WebAppDemo.Global.Session_Start$object.System.EventArgs$	0	3
C:\Corsi_informatica\Sicurezza_Informatica\Secure Coding\VulnerableWebApp\WebAppDemo\HTTPRS.aspx.cs	45	_WebAppDemo.HTTPRS.Page_Load$object.System.EventArgs$	0	6
C:\Corsi_informatica\Sicurezza_Informatica\Secure Coding\VulnerableWebApp\WebAppDemo\HTTPRS.aspx.cs	72	_WebAppDemo.HTTPRS.Button2_Click$object.System.EventArgs$	0	2
C:\Corsi_informatica\Sicurezza_Informatica\Secure Coding\VulnerableWebApp\WebAppDemo\HTTPRS.aspx.cs	78	_WebAppDemo.HTTPRS.Button3_Click$object.System.EventArgs$	0	3
C:\Corsi_informatica\Sicurezza_Informatica\Secure Coding\VulnerableWebApp\WebAppDemo\LDAPInjection.aspx.cs	13	_WebAppDemo.LDAPInjection.Page_Load$object.System.EventArgs$	0	2
C:\Corsi_informatica\Sicurezza_Informatica\Secure Coding\VulnerableWebApp\WebAppDemo\LFI.aspx.cs	49	_WebAppDemo.LFI.Page_Load$object.System.EventArgs$	0	3
C:\Corsi_informatica\Sicurezza_Informatica\Secure Coding\VulnerableWebApp\WebAppDemo\LFI.aspx.cs	70	_WebAppDemo.LFI.Button1_Click$object.System.EventArgs$	0	3
C:\Corsi_informatica\Sicurezza_Informatica\Secure Coding\VulnerableWebApp\WebAppDemo\LFI.aspx.cs	76	_WebAppDemo.LFI.Button2_Click$object.System.EventArgs$	0	3
C:\Corsi_informatica\Sicurezza_Informatica\Secure Coding\VulnerableWebApp\WebAppDemo\LFI.aspx.cs	82	_WebAppDemo.LFI.Button3_Click$object.System.EventArgs$	0	3
C:\Corsi_informatica\Sicurezza_Informatica\Secure Coding\VulnerableWebApp\WebAppDemo\login.aspx.cs	49	_WebAppDemo.login.Page_Load$object.System.EventArgs$	0	2
C:\Corsi_informatica\Sicurezza_Informatica\Secure Coding\VulnerableWebApp\WebAppDemo\Private\newuser.aspx.cs	14	_WebAppDemo.Private.newuser.Page_Load$object.System.EventArgs$	0	2
C:\Corsi_informatica\Sicurezza_Informatica\Secure Coding\VulnerableWebApp\WebAppDemo\Private\newuser.aspx.cs	20	_WebAppDemo.Private.newuser.Button1_Click$object.System.EventArgs$	0	3
C:\Corsi_informatica\Sicurezza_Informatica\Secure Coding\VulnerableWebApp\WebAppDemo\pageforstaticanalysis.aspx.cs	14	_WebAppDemo.pageforstaticanalysis.Page_Load$object.System.EventArgs$	0	2
C:\Corsi_informatica\Sicurezza_Informatica\Secure Coding\VulnerableWebApp\WebAppDemo\pageforstaticanalysis.aspx.cs	19	_WebAppDemo.pageforstaticanalysis.Button1_Click$object.System.EventArgs$	0	3
C:\Corsi_informatica\Sicurezza_Informatica\Secure Coding\VulnerableWebApp\WebAppDemo\pageforstaticanalysis.aspx.cs	26	_WebAppDemo.pageforstaticanalysis.code_analysis_method$$	42	404
C:\Corsi_informatica\Sicurezza_Informatica\Secure Coding\VulnerableWebApp\WebAppDemo\PostJsonData.aspx.cs	50	_WebAppDemo.PostJsonData.Page_Load$object.System.EventArgs$	0	2
C:\Corsi_informatica\Sicurezza_Informatica\Secure Coding\VulnerableWebApp\WebAppDemo\Prodotti.aspx.cs	13	_WebAppDemo.Prodotti.Page_Load$object.System.EventArgs$	11	659
C:\Corsi_informatica\Sicurezza_Informatica\Secure Coding\VulnerableWebApp\WebAppDemo\prodotti2.aspx.cs	13	_WebAppDemo.prodotti2.Page_Load$object.System.EventArgs$	14	1192
C:\Corsi_informatica\Sicurezza_Informatica\Secure Coding\VulnerableWebApp\WebAppDemo\Redirect.aspx.cs	11	_WebAppDemo.Redirect.Page_Load$object.System.EventArgs$	0	2
C:\Corsi_informatica\Sicurezza_Informatica\Secure Coding\VulnerableWebApp\WebAppDemo\Redirect.aspx.cs	18	_WebAppDemo.Redirect.RadioButton1_CheckedChanged$object.System.EventArgs$	0	3
C:\Corsi_informatica\Sicurezza_Informatica\Secure Coding\VulnerableWebApp\WebAppDemo\Redirect.aspx.cs	24	_WebAppDemo.Redirect.RadioButton2_CheckedChanged$object.System.EventArgs$	0	3
C:\Corsi_informatica\Sicurezza_Informatica\Secure Coding\VulnerableWebApp\WebAppDemo\RFI.aspx.cs	50	_WebAppDemo.RFI.Page_Load$object.System.EventArgs$	0	3
C:\Corsi_informatica\Sicurezza_Informatica\Secure Coding\VulnerableWebApp\WebAppDemo\RFI.aspx.cs	56	_WebAppDemo.RFI.Button1_Click$object.System.EventArgs$	0	3
C:\Corsi_informatica\Sicurezza_Informatica\Secure Coding\VulnerableWebApp\WebAppDemo\Private\riservata.aspx.cs	46	_WebAppDemo.privata.riservata.Page_Load$object.System.EventArgs$	0	2
C:\Corsi_informatica\Sicurezza_Informatica\Secure Coding\VulnerableWebApp\WebAppDemo\Private\riservata.aspx.cs	52	_WebAppDemo.privata.riservata.Button1_Click$object.System.EventArgs$	0	3
C:\Corsi_informatica\Sicurezza_Informatica\Secure Coding\VulnerableWebApp\WebAppDemo\Welcomepage.aspx.cs	11	_WebAppDemo.Welcomepage.Page_Load$object.System.EventArgs$	0	3
C:\Corsi_informatica\Sicurezza_Informatica\Secure Coding\VulnerableWebApp\WebAppDemo\XPathInjection.aspx.cs	12	_WebAppDemo.XPathInjection.Page_Load$object.System.EventArgs$	0	2
C:\Corsi_informatica\Sicurezza_Informatica\Secure Coding\VulnerableWebApp\WebAppDemo\XPathInjection.aspx.cs	17	_WebAppDemo.XPathInjection.Button1_Click$object.System.EventArgs$	0	6
C:\Corsi_informatica\Sicurezza_Informatica\Secure Coding\VulnerableWebApp\WebAppDemo\Private\XSRF.aspx.cs	47	_WebAppDemo.Private.XSRF.Page_Load$object.System.EventArgs$	0	5
C:\Corsi_informatica\Sicurezza_Informatica\Secure Coding\VulnerableWebApp\WebAppDemo\Private\XSRF.aspx.cs	74	_WebAppDemo.Private.XSRF.Button1_Click$object.System.EventArgs$	0	5
C:\Corsi_informatica\Sicurezza_Informatica\Secure Coding\VulnerableWebApp\WebAppDemo\xss.aspx.cs	45	_WebAppDemo.xss.Page_Load$object.System.EventArgs$	0	2
C:\Corsi_informatica\Sicurezza_Informatica\Secure Coding\VulnerableWebApp\WebAppDemo\XXE.aspx.cs	45	_WebAppDemo.XXE.Page_Load$object.System.EventArgs$	0	2
C:\Corsi_informatica\Sicurezza_Informatica\Secure Coding\VulnerableWebApp\WebAppDemo\XXE.aspx.cs	52	_WebAppDemo.XXE.Button1_Click$object.System.EventArgs$	0	2
C:\Corsi_informatica\Sicurezza_Informatica\Secure Coding\VulnerableWebApp\WebAppDemo\XXE.aspx.cs	58	_WebAppDemo.XXE.Button2_Click$object.System.EventArgs$	0	3
C:\Corsi_informatica\Sicurezza_Informatica\Secure Coding\VulnerableWebApp\WebAppDemo\XXE_elab.aspx.cs	50	_WebAppDemo.XXE_elab.Page_Load$object.System.EventArgs$	0	7
C:\Corsi_informatica\Sicurezza_Informatica\Secure Coding\VulnerableWebApp\WebAppDemo\XXE_elab.aspx.cs	76	_WebAppDemo.XXE_elab.Button1_Click$object.System.EventArgs$	0	3
C:\Corsi_informatica\Sicurezza_Informatica\Secure Coding\VulnerableWebApp\WebAppDemo\XXE_elab.aspx.cs	89	_WebAppDemo.XXE_elab.Button2_Click$object.System.EventArgs$	2	460
C:\Corsi_informatica\Sicurezza_Informatica\Secure Coding\VulnerableWebApp\WebAppDemo\XXE_elab.aspx.cs	105	_WebAppDemo.XXE_elab.Button3_Click$object.System.EventArgs$	0	3
C:\Corsi_informatica\Sicurezza_Informatica\Secure Coding\VulnerableWebApp\WebAppDemo\XXE_elab.aspx.cs	119	_WebAppDemo.XXE_elab.Button4_Click$object.System.EventArgs$	0	3
