C:\Corsi_informatica\Sicurezza_Informatica\Secure Coding\VulnerableWebApp\WebAppDemo\Ajax.aspx.cs
Page_Load 618
Page_Load 250
Button1_Click 580
Button1_Click 390
Button2_Click 7
Button2_Click 0

C:\Corsi_informatica\Sicurezza_Informatica\Secure Coding\VulnerableWebApp\WebAppDemo\Ajax.aspx.designer.cs

C:\Corsi_informatica\Sicurezza_Informatica\Secure Coding\VulnerableWebApp\WebAppDemo\CommandInjection.aspx.cs
Page_Load 29
Page_Load 0

C:\Corsi_informatica\Sicurezza_Informatica\Secure Coding\VulnerableWebApp\WebAppDemo\CommandInjection.aspx.designer.cs

C:\Corsi_informatica\Sicurezza_Informatica\Secure Coding\VulnerableWebApp\WebAppDemo\Default.aspx.cs
Page_Load 15
Page_Load 0

C:\Corsi_informatica\Sicurezza_Informatica\Secure Coding\VulnerableWebApp\WebAppDemo\Default.aspx.designer.cs

C:\Corsi_informatica\Sicurezza_Informatica\Secure Coding\VulnerableWebApp\WebAppDemo\FileInjection.aspx.cs
Page_Load 14
Page_Load 0
Button1_Click 137
Button1_Click 78

C:\Corsi_informatica\Sicurezza_Informatica\Secure Coding\VulnerableWebApp\WebAppDemo\FileInjection.aspx.designer.cs

C:\Corsi_informatica\Sicurezza_Informatica\Secure Coding\VulnerableWebApp\WebAppDemo\Global.asax.cs
Application_Start 24
Application_Start 0
Session_Start 18
Session_Start 0

C:\Corsi_informatica\Sicurezza_Informatica\Secure Coding\VulnerableWebApp\WebAppDemo\HTTPRS.aspx.cs
Page_Load 150
Page_Load 78
Button2_Click 11
Button2_Click 0
Button3_Click 12
Button3_Click 0

C:\Corsi_informatica\Sicurezza_Informatica\Secure Coding\VulnerableWebApp\WebAppDemo\HTTPRS.aspx.designer.cs

C:\Corsi_informatica\Sicurezza_Informatica\Secure Coding\VulnerableWebApp\WebAppDemo\LDAPInjection.aspx.cs
Page_Load 7
Page_Load 0
Button1_Click 18
Button1_Click 0

C:\Corsi_informatica\Sicurezza_Informatica\Secure Coding\VulnerableWebApp\WebAppDemo\LDAPInjection.aspx.designer.cs

C:\Corsi_informatica\Sicurezza_Informatica\Secure Coding\VulnerableWebApp\WebAppDemo\LFI.aspx.cs
Page_Load 13
Page_Load 0
Button1_Click 10
Button1_Click 0
Button2_Click 22
Button2_Click 0
Button3_Click 8
Button3_Click 0

C:\Corsi_informatica\Sicurezza_Informatica\Secure Coding\VulnerableWebApp\WebAppDemo\LFI.aspx.designer.cs

C:\Corsi_informatica\Sicurezza_Informatica\Secure Coding\VulnerableWebApp\WebAppDemo\lib\Cryptograpy.cs
compute_hash 64
compute_hash 46
compute_hash_sha2 19
compute_hash_sha2 0
EncryptStringToBytes_Aes 16
EncryptStringToBytes_Aes 0
DencryptStringFromBytes_Aes 7
DencryptStringFromBytes_Aes 0

C:\Corsi_informatica\Sicurezza_Informatica\Secure Coding\VulnerableWebApp\WebAppDemo\login.aspx.cs
Page_Load 6
Page_Load 0
Button1_Click 8
Button1_Click 0

C:\Corsi_informatica\Sicurezza_Informatica\Secure Coding\VulnerableWebApp\WebAppDemo\login.aspx.designer.cs

C:\Corsi_informatica\Sicurezza_Informatica\Secure Coding\VulnerableWebApp\WebAppDemo\pageforstaticanalysis.aspx.cs
Page_Load 9
Page_Load 0
Button1_Click 21
Button1_Click 15
code_analysis_method 72
code_analysis_method 62

C:\Corsi_informatica\Sicurezza_Informatica\Secure Coding\VulnerableWebApp\WebAppDemo\pageforstaticanalysis.aspx.designer.cs

C:\Corsi_informatica\Sicurezza_Informatica\Secure Coding\VulnerableWebApp\WebAppDemo\PostJsonData.aspx.cs
Page_Load 35
Page_Load 0
Button1_Click 8
Button1_Click 0
Button2_Click 12
Button2_Click 0

C:\Corsi_informatica\Sicurezza_Informatica\Secure Coding\VulnerableWebApp\WebAppDemo\PostJsonData.aspx.designer.cs

C:\Corsi_informatica\Sicurezza_Informatica\Secure Coding\VulnerableWebApp\WebAppDemo\Private\newuser.aspx.cs
Page_Load 36
Page_Load 0
Button1_Click 75
Button1_Click 15

C:\Corsi_informatica\Sicurezza_Informatica\Secure Coding\VulnerableWebApp\WebAppDemo\Private\newuser.aspx.designer.cs

C:\Corsi_informatica\Sicurezza_Informatica\Secure Coding\VulnerableWebApp\WebAppDemo\Private\riservata.aspx.cs
Page_Load 12
Page_Load 0
Button1_Click 8
Button1_Click 0

C:\Corsi_informatica\Sicurezza_Informatica\Secure Coding\VulnerableWebApp\WebAppDemo\Private\riservata.aspx.designer.cs

C:\Corsi_informatica\Sicurezza_Informatica\Secure Coding\VulnerableWebApp\WebAppDemo\Private\XSRF.aspx.cs
Page_Load 126
Page_Load 31
Button1_Click 12
Button1_Click 0

C:\Corsi_informatica\Sicurezza_Informatica\Secure Coding\VulnerableWebApp\WebAppDemo\Private\XSRF.aspx.designer.cs

C:\Corsi_informatica\Sicurezza_Informatica\Secure Coding\VulnerableWebApp\WebAppDemo\Prodotti.aspx.cs
Page_Load 27
Page_Load 0

C:\Corsi_informatica\Sicurezza_Informatica\Secure Coding\VulnerableWebApp\WebAppDemo\Prodotti.aspx.designer.cs

C:\Corsi_informatica\Sicurezza_Informatica\Secure Coding\VulnerableWebApp\WebAppDemo\prodotti2.aspx.cs
Page_Load 35
Page_Load 31

C:\Corsi_informatica\Sicurezza_Informatica\Secure Coding\VulnerableWebApp\WebAppDemo\prodotti2.aspx.designer.cs

C:\Corsi_informatica\Sicurezza_Informatica\Secure Coding\VulnerableWebApp\WebAppDemo\Properties\AssemblyInfo.cs

C:\Corsi_informatica\Sicurezza_Informatica\Secure Coding\VulnerableWebApp\WebAppDemo\Redirect.aspx.cs
Page_Load 8
Page_Load 0
RadioButton1_CheckedChanged 12
RadioButton1_CheckedChanged 15
RadioButton2_CheckedChanged 14
RadioButton2_CheckedChanged 0

C:\Corsi_informatica\Sicurezza_Informatica\Secure Coding\VulnerableWebApp\WebAppDemo\Redirect.aspx.designer.cs

C:\Corsi_informatica\Sicurezza_Informatica\Secure Coding\VulnerableWebApp\WebAppDemo\RFI.aspx.cs
Page_Load 10
Page_Load 0
Button1_Click 15
Button1_Click 0

C:\Corsi_informatica\Sicurezza_Informatica\Secure Coding\VulnerableWebApp\WebAppDemo\RFI.aspx.designer.cs

C:\Corsi_informatica\Sicurezza_Informatica\Secure Coding\VulnerableWebApp\WebAppDemo\Welcomepage.aspx.cs
Page_Load 14
Page_Load 0

C:\Corsi_informatica\Sicurezza_Informatica\Secure Coding\VulnerableWebApp\WebAppDemo\Welcomepage.aspx.designer.cs

C:\Corsi_informatica\Sicurezza_Informatica\Secure Coding\VulnerableWebApp\WebAppDemo\XPathInjection.aspx.cs
Page_Load 7
Page_Load 0
Button1_Click 45
Button1_Click 0

C:\Corsi_informatica\Sicurezza_Informatica\Secure Coding\VulnerableWebApp\WebAppDemo\XPathInjection.aspx.designer.cs

C:\Corsi_informatica\Sicurezza_Informatica\Secure Coding\VulnerableWebApp\WebAppDemo\xss.aspx.cs
Page_Load 7
Page_Load 0

C:\Corsi_informatica\Sicurezza_Informatica\Secure Coding\VulnerableWebApp\WebAppDemo\xss.aspx.designer.cs

C:\Corsi_informatica\Sicurezza_Informatica\Secure Coding\VulnerableWebApp\WebAppDemo\xss_elab.aspx.cs
Page_Load 23
Page_Load 0

C:\Corsi_informatica\Sicurezza_Informatica\Secure Coding\VulnerableWebApp\WebAppDemo\xss_elab.aspx.designer.cs

C:\Corsi_informatica\Sicurezza_Informatica\Secure Coding\VulnerableWebApp\WebAppDemo\XXE.aspx.cs
Page_Load 9
Page_Load 15
Button1_Click 14
Button1_Click 0
Button2_Click 6
Button2_Click 0

C:\Corsi_informatica\Sicurezza_Informatica\Secure Coding\VulnerableWebApp\WebAppDemo\XXE.aspx.designer.cs

C:\Corsi_informatica\Sicurezza_Informatica\Secure Coding\VulnerableWebApp\WebAppDemo\XXE_elab.aspx.cs
Page_Load 18
Page_Load 0
Button1_Click 12
Button1_Click 0
Button2_Click 42
Button2_Click 15
Button3_Click 7
Button3_Click 0
Button4_Click 9
Button4_Click 0

C:\Corsi_informatica\Sicurezza_Informatica\Secure Coding\VulnerableWebApp\WebAppDemo\XXE_elab.aspx.designer.cs

C:\Users\gian7\AppData\Local\Temp\.NETFramework,Version=v4.5.AssemblyAttributes.cs

